<?xml version="1.0" encoding="UTF-8"?>
<testng-results ignored="0" total="1" passed="1" failed="0" skipped="0">
  <reporter-output>
  </reporter-output>
  <suite started-at="2022-12-29T11:17:43 IST" name="Default suite" finished-at="2022-12-29T11:17:43 IST" duration-ms="74">
    <groups>
    </groups>
    <test started-at="2022-12-29T11:17:43 IST" name="Default test" finished-at="2022-12-29T11:17:43 IST" duration-ms="74">
      <class name="Demo.Annotations">
        <test-method is-config="true" signature="Beforsuite()[pri:0, instance:Demo.Annotations@2eae8e6e]" started-at="2022-12-29T11:17:43 IST" name="Beforsuite" finished-at="2022-12-29T11:17:43 IST" duration-ms="17" status="PASS">
          <reporter-output>
          </reporter-output>
        </test-method> <!-- Beforsuite -->
        <test-method is-config="true" signature="BeforTest()[pri:0, instance:Demo.Annotations@2eae8e6e]" started-at="2022-12-29T11:17:43 IST" name="BeforTest" finished-at="2022-12-29T11:17:43 IST" duration-ms="1" status="PASS">
          <reporter-output>
          </reporter-output>
        </test-method> <!-- BeforTest -->
        <test-method is-config="true" signature="Beforeclass()[pri:0, instance:Demo.Annotations@2eae8e6e]" started-at="2022-12-29T11:17:43 IST" name="Beforeclass" finished-at="2022-12-29T11:17:43 IST" duration-ms="1" status="PASS">
          <reporter-output>
          </reporter-output>
        </test-method> <!-- Beforeclass -->
        <test-method is-config="true" signature="beformethod()[pri:0, instance:Demo.Annotations@2eae8e6e]" started-at="2022-12-29T11:17:43 IST" name="beformethod" finished-at="2022-12-29T11:17:43 IST" duration-ms="0" status="PASS">
          <reporter-output>
          </reporter-output>
        </test-method> <!-- beformethod -->
        <test-method signature="testCase1()[pri:0, instance:Demo.Annotations@2eae8e6e]" started-at="2022-12-29T11:17:43 IST" name="testCase1" finished-at="2022-12-29T11:17:43 IST" duration-ms="6" status="PASS">
          <reporter-output>
          </reporter-output>
        </test-method> <!-- testCase1 -->
        <test-method is-config="true" signature="afterMethod()[pri:0, instance:Demo.Annotations@2eae8e6e]" started-at="2022-12-29T11:17:43 IST" name="afterMethod" finished-at="2022-12-29T11:17:43 IST" duration-ms="0" status="PASS">
          <reporter-output>
          </reporter-output>
        </test-method> <!-- afterMethod -->
        <test-method is-config="true" signature="AfterMethod()[pri:0, instance:Demo.Annotations@2eae8e6e]" started-at="2022-12-29T11:17:43 IST" name="AfterMethod" finished-at="2022-12-29T11:17:43 IST" duration-ms="1" status="PASS">
          <reporter-output>
          </reporter-output>
        </test-method> <!-- AfterMethod -->
        <test-method is-config="true" signature="AfterTest()[pri:0, instance:Demo.Annotations@2eae8e6e]" started-at="2022-12-29T11:17:43 IST" name="AfterTest" finished-at="2022-12-29T11:17:43 IST" duration-ms="2" status="PASS">
          <reporter-output>
          </reporter-output>
        </test-method> <!-- AfterTest -->
        <test-method is-config="true" signature="Aftersuite()[pri:0, instance:Demo.Annotations@2eae8e6e]" started-at="2022-12-29T11:17:43 IST" name="Aftersuite" finished-at="2022-12-29T11:17:43 IST" duration-ms="1" status="PASS">
          <reporter-output>
          </reporter-output>
        </test-method> <!-- Aftersuite -->
      </class> <!-- Demo.Annotations -->
    </test> <!-- Default test -->
  </suite> <!-- Default suite -->
</testng-results>
