<?xml version="1.0" encoding="UTF-8"?>
<!-- Generated by org.testng.reporters.JUnitXMLReporter -->
<testsuite ignored="0" hostname="DESKTOP-9QHT72G" failures="1" tests="1" name="firefoxTest" time="0.07" errors="0" timestamp="2022-12-27T11:05:40 IST">
  <testcase classname="Demo.CrossBrowerTesting" name="fblogin" time="0.009">
    <failure type="java.lang.NullPointerException" message="Cannot invoke &amp;quot;org.openqa.selenium.WebDriver.get(String)&amp;quot; because &amp;quot;this.driver&amp;quot; is null">
      <![CDATA[java.lang.NullPointerException: Cannot invoke "org.openqa.selenium.WebDriver.get(String)" because "this.driver" is null
at Demo.CrossBrowerTesting.fblogin(CrossBrowerTesting.java:46)
at java.base/java.util.ArrayList.forEach(ArrayList.java:1511)
... Removed 27 stack frames]]>
    </failure>
  </testcase> <!-- fblogin -->
</testsuite> <!-- firefoxTest -->
